Microsoft (R) Macro Assembler Version 12.00.31101.0	    05/31/15 19:49:26
							     First Pass 1 - 1


 0000				data segment
				const db 1101b
				const1 db 125
				const2 db 85h
				const3 db 'Hello'
				const4 dw 1010b
				const5 dw 2015d
				const6 dw 98h
				const7 dd 1011b
				const8 dd 1010
				const9 dd 1000h
 001A				data ends
 0000				code segment
				assume ds:data,cs:code
				m1: cli
				inc bh
				inc cx
				inc esi
				dec const2
				dec const9
				dec const[si]
				dec const1[si+15]
				dec const2[di+125]
				dec const3[di+186]
				dec const4[bx+20]
				dec const5[bx+15557]
				dec const6[esi+65446]
				dec const7[edi+82]
				dec const8[ebx+23]
				dec const9[esi+126]
				adc bh,cl
				adc bx,dx
				adc ecx,ebx
				cmp bh,const
				cmp bl,const1[bx]
				cmp cl,const2[bx+85]
				cmp dh,const3[bx+di+63218]
				cmp dx,const4[esi]
				cmp bx,const5[edi+28]
				cmp cx,const6[bp+97]
				cmp esi,const7[ebp+125]
				cmp edx,const8[edi+215]
				cmp ecx,const9[ebp+52316]
				jb m2
				xor bh,const
				xor bl,const1
				xor cl,const2
				xor dh,const3
				xor dx,const4
				xor bx,const5
				xor cx,const6
				xor esi,const7
				xor edx,const8
				xor ecx,const9
				m2: sal cl,1010b
				sal cx,232
				sal ebx,79h
				or const1,11111111b ;8-8
				or const5,65407 ;16-16
				or const8,9fffh ;32-32
				or const5,127 ;16-8
				or const8,7fh ;32-8
				jb m1
				cli
 00EB				code ends
				end
Microsoft (R) Macro Assembler Version 12.00.31101.0	    05/31/15 19:49:26
1.asm							     Page 1 - 1


 0000				data segment
 0000 0D			const db 1101b
 0001 7D			const1 db 125
 0002 85			const2 db 85h
 0003 48 65 6C 6C 6F		const3 db 'Hello'
 0008 000A			const4 dw 1010b
 000A 07DF			const5 dw 2015d
 000C 0098			const6 dw 98h
 000E 0000000B			const7 dd 1011b
 0012 000003F2			const8 dd 1010
 0016 00001000			const9 dd 1000h
 001A				data ends
 0000				code segment
				assume ds:data,cs:code
 0000  FA			m1: cli
 0001  FE C7			inc bh
 0003  41			inc cx
 0004  66| 46			inc esi
 0006  FE 0E 0002 R		dec const2
 000A  66| FF 0E 0016 R		dec const9
 000F  FE 8C 0000 R		dec const[si]
 0013  FE 8C 0010 R		dec const1[si+15]
 0017  FE 8D 007F R		dec const2[di+125]
 001B  FE 8D 00BD R		dec const3[di+186]
 001F  FF 8F 001C R		dec const4[bx+20]
 0023  FF 8F 3CCF R		dec const5[bx+15557]
 0027  67& FF 8E 0000FFB2 R	dec const6[esi+65446]
 002E  67& 66| FF 8F		dec const7[edi+82]
       00000060 R
 0036  67& 66| FF 8B		dec const8[ebx+23]
       00000029 R
 003E  67& 66| FF 8E		dec const9[esi+126]
       00000094 R
 0046  12 F9			adc bh,cl
 0048  13 DA			adc bx,dx
 004A  66| 13 CB		adc ecx,ebx
 004D  3A 3E 0000 R		cmp bh,const
 0051  3A 9F 0001 R		cmp bl,const1[bx]
 0055  3A 8F 0057 R		cmp cl,const2[bx+85]
 0059  3A B1 F6F5 R		cmp dh,const3[bx+di+63218]
 005D  67& 3B 96 00000008 R	cmp dx,const4[esi]
 0064  67& 3B 9F 00000026 R	cmp bx,const5[edi+28]
 006B  3E: 3B 8E 006D R		cmp cx,const6[bp+97]
 0070  67& 66| 3E: 3B B5	cmp esi,const7[ebp+125]
       0000008B R
 0079  67& 66| 3B 97		cmp edx,const8[edi+215]
       000000E9 R
 0081  67& 66| 3E: 3B 8D	cmp ecx,const9[ebp+52316]
       0000CC72 R
 008A  72 2B			jb m2
 008C  32 3E 0000 R		xor bh,const
 0090  32 1E 0001 R		xor bl,const1
 0094  32 0E 0002 R		xor cl,const2
 0098  32 36 0003 R		xor dh,const3
 009C  33 16 0008 R		xor dx,const4
 00A0  33 1E 000A R		xor bx,const5
 00A4  33 0E 000C R		xor cx,const6
 00A8  66| 33 36 000E R		xor esi,const7
 00AD  66| 33 16 0012 R		xor edx,const8
 00B2  66| 33 0E 0016 R		xor ecx,const9
 00B7  C0 E1 0A			m2: sal cl,1010b
 00BA  C1 E1 E8			sal cx,232
 00BD  66| C1 E3 79		sal ebx,79h
 00C1  80 0E 0001 R FF		or const1,11111111b ;8-8
 00C6  81 0E 000A R FF7F	or const5,65407 ;16-16
 00CC  66| 81 0E 0012 R		or const8,9fffh ;32-32
       00009FFF
 00D5  83 0E 000A R 7F		or const5,127 ;16-8
 00DA  66| 83 0E 0012 R		or const8,7fh ;32-8
       7F
 00E0  0F 82 FF1C		jb m1
 00E4  FA			cli
 00E5				code ends
				end
Microsoft (R) Macro Assembler Version 12.00.31101.0	    05/31/15 19:49:26
1.asm							     Symbols 2 - 1




Segments and Groups:

                N a m e                 Size     Length   Align   Combine Class

code . . . . . . . . . . . . . .	16 Bit	 00E5	  	  Private 
data . . . . . . . . . . . . . .	16 Bit	 001A	  	  Private 


Symbols:

                N a m e                 Type     Value    Attr

const1 . . . . . . . . . . . . .	Byte	 0001	  data	
const2 . . . . . . . . . . . . .	Byte	 0002	  data	
const3 . . . . . . . . . . . . .	Byte	 0003	  data	
const4 . . . . . . . . . . . . .	Word	 0008	  data	
const5 . . . . . . . . . . . . .	Word	 000A	  data	
const6 . . . . . . . . . . . . .	Word	 000C	  data	
const7 . . . . . . . . . . . . .	DWord	 000E	  data	
const8 . . . . . . . . . . . . .	DWord	 0012	  data	
const9 . . . . . . . . . . . . .	DWord	 0016	  data	
const  . . . . . . . . . . . . .	Byte	 0000	  data	
m1 . . . . . . . . . . . . . . .	L Near	 0000	  code	
m2 . . . . . . . . . . . . . . .	L Near	 00B7	  code	

	   0 Warnings
	   0 Errors
