Turbo Assembler	 Version 3.2	    22/01/16 00:28:51	    Page 1
1.asm



      1	    0000			 model small
      2	    0000			 .stack	100h
      3					 .386
      4		  =0006			 Mode_6	= 6 ; 640 X 200, 2 colors
      5		  =000D			 Mode_13 = 0Dh ; 320 X 200, 16 colors
      6		  =000E			 Mode_14 = 0Eh ; 640 X 200, 16 colors
      7		  =000F			 Mode_15 = 0Fh ; 640 X 350, 2 colors
      8		  =0010			 Mode_16 = 10h ; 640 X 350, 16 colors
      9		  =0011			 Mode_17 = 11h ; 640 X 480, 2 colors
     10		  =0012			 Mode_18 = 12h ; 640 X 480, 16 colors
     11		  =0013			 Mode_19 = 13h ; 320 X 200, 256	colors
     12		  =006A			 Mode_6A = 6Ah ; 800 X 600, 16 colors
     13	    0000			 .data
     14	    0000  ??			 SaveMode db ?
     15	    0001  000A			 currentX dw 10
     16	    0003  000A			 currentY dw 10
     17	    0005  0000000000000000	 x dq 0
     18	    000D  0000000000000000	 y dq 0
     19	    0015  00BE			 gy dw 190
     20	    0017  000A			 gx dw 10
     21	    0019  0A			 color db 10
     22	    001A  0D			 color_g db 13
     23	    001B  0140			 max_x dw 320
     24	    001D  00C8			 max_y dw 200
     25	    001F  0008			 scalemax_x dw 8;20;8
     26	    0021  FFF8			 scalemin_x dw -8;-20;-8
     27	    0023  0004			 scalemax_y dw 4;10;4
     28	    0025  FFFC			 scalemin_y dw -4;-10;-4
     29	    0027  0000000000000000	 kx dq 0
     30	    002F  0000000000000000	 ky dq 0
     31	    0037  0014			 scalex	dw 20
     32	    0039  0019			 scaley	dw 25
     33	    003B  0001			 sd dw 1
     34	    003D  ????			 LineLengthx dw	?
     35	    003F  ????			 LineLengthY dw	?
     36	    0041  0000			 gradq_x dw 0
     37	    0043  0000			 gradq_y dw 0
     38	    0045  0000000000000000	 t1 dq 0
     39	    004D  0000000000000000	 t2 dq 0
     40	    0055  0064			 hundred dw 100
     41	    0057			 .code
     42	    0000			 line_x	proc
     43	    0000  8B 16	001Br		 mov dx,max_x
     44	    0004  2B 16	0001r		 sub dx,currentx
     45	    0008  2B 16	0001r		 sub dx, currentx
     46	    000C  89 16	003Dr		 mov linelengthx,dx
     47	    0010  A1 001Dr		 mov ax,max_y
     48	    0013  B3 02			 mov bl,2
     49	    0015  F6 F3			 div bl
     50	    0017  98			 cbw
     51	    0018  A3 0003r		 mov currenty,ax
     52	    001B  8B 16	0003r		 mov dx,currentY
     53	    001F  8B 0E	003Dr		 mov cx,LineLengthx
     54	    0023			 L1:
     55	    0023  51			 push cx
     56	    0024  B4 0C			 mov ah,0Ch
     57	    0026  A0 0019r		 mov al,color
Turbo Assembler	 Version 3.2	    22/01/16 00:28:51	    Page 2
1.asm



     58	    0029  B7 00			 mov bh,0
     59	    002B  8B 0E	0001r		 mov cx,currentX
     60	    002F  CD 10			 int 10h
     61	    0031  FF 06	0001r		 inc currentx
     62	    0035  59			 pop cx
     63	    0036  E2 EB			 loop L1
     64	    0038  C3			 ret
     65	    0039			 line_x	endp
     66
     67	    0039			 line_y	proc
     68		  =00B4			 LineLength = 180
     69	    0039  BA 000A		 mov dx,10
     70	    003C  89 16	0003r		 mov currentY,dx
     71	    0040  B9 00B4		 mov cx,LineLength
     72	    0043			 L2:
     73	    0043  51			 push cx
     74	    0044  B4 0C			 mov ah,0Ch
     75	    0046  A0 0019r		 mov al,color
     76	    0049  B7 00			 mov bh,0
     77	    004B  B9 00A0		 mov cx,160
     78	    004E  8B 16	0003r		 mov dx,currenty
     79	    0052  CD 10			 int 10h
     80	    0054  FF 06	0003r		 inc currenty
     81	    0058  59			 pop cx
     82	    0059  E2 E8			 loop L2
     83	    005B  C3			 ret
     84	    005C			 line_y	endp
     85
     86	    005C			 scale_x proc
     87		  =000A			 LineLength = 10
     88	    005C  BA 005F		 mov dx,95
     89	    005F  89 16	0003r		 mov currentY,dx
     90	    0063  B9 000A		 mov cx,LineLength
     91	    0066			 L3:
     92	    0066  51			 push cx
     93	    0067  B4 0C			 mov ah,0Ch
     94	    0069  A0 0019r		 mov al,color
     95	    006C  B7 00			 mov bh,0
     96	    006E  8B 0E	0041r		 mov cx,gradq_x
     97	    0072  8B 16	0003r		 mov dx,currenty
     98	    0076  CD 10			 int 10h
     99	    0078  FF 06	0003r		 inc currenty
    100	    007C  59			 pop cx
    101	    007D  E2 E7			 loop L3
    102	    007F  C3			 ret
    103	    0080			 scale_x endp
    104
    105	    0080			 scale_y proc
    106		  =000A			 LineLength = 10
    107	    0080  BA 009B		 mov dx,155
    108	    0083  89 16	0003r		 mov currentY,dx
    109	    0087  B9 000A		 mov cx,LineLength
    110	    008A			 L4:
    111	    008A  51			 push cx
    112	    008B  B4 0C			 mov ah,0Ch
    113	    008D  A0 0019r		 mov al,color
    114	    0090  B7 00			 mov bh,0
Turbo Assembler	 Version 3.2	    22/01/16 00:28:51	    Page 3
1.asm



    115	    0092  8B 0E	0003r		 mov cx,currenty
    116	    0096  8B 16	0043r		 mov dx,gradq_y
    117	    009A  CD 10			 int 10h
    118	    009C  FF 06	0003r		 inc currenty
    119	    00A0  59			 pop cx
    120	    00A1  E2 E7			 loop L4
    121	    00A3  C3			 ret
    122	    00A4			 scale_y endp
    123
    124	    00A4			 drawgraph proc
    125		  =00B4			 LineLength = 180
    126	    00A4  C7 06	0017r 000A	 mov gx,10;70
    127	    00AA  C7 06	0015r 00BE	 mov gy,190
    128	    00B0  8B 16	0017r		 mov dx,gx
    129	    00B4  8B 0E	0015r		 mov cx,gy
    130	    00B8			 L5:
    131					 ;x=x+kx
    132	    00B8  DD 06	0005r		 fld x
    133	    00BC  DC 06	0027r		 fadd kx
    134	    00C0  DD 1E	0005r		 fstp x
    135					 ;y=sin(x)*cos(x)
    136	    00C4  DD 06	0005r		 fld x
    137	    00C8  D9 FE			 fsin
    138	    00CA  DD 1E	0045r		 fstp t1
    139	    00CE  DD 06	0005r		 fld x
    140	    00D2  D9 FF			 fcos
    141	    00D4  DD 1E	004Dr		 fstp t2
    142	    00D8  DD 06	0045r		 fld t1
    143					 ;fld t2
    144	    00DC  DC 0E	004Dr		 fmul t2
    145	    00E0  DD 1E	000Dr		 fstp y
    146					 ;gy=100-y*scaley
    147	    00E4  DD 06	000Dr		 fld y
    148	    00E8  DE 0E	0039r		 fimul scaley
    149	    00EC  DF 1E	0015r		 fistp gy
    150	    00F0  DF 06	0055r		 fild hundred
    151	    00F4  DE 26	0015r		 fisub gy
    152	    00F8  DF 1E	0015r		 fistp gy
    153					 ;displaying
    154	    00FC  51			 push cx
    155	    00FD  B4 0C			 mov ah,0Ch
    156	    00FF  A0 001Ar		 mov al,color_g
    157	    0102  B7 00			 mov bh,0
    158	    0104  8B 0E	0017r		 mov cx,gx
    159	    0108  8B 16	0015r		 mov dx,gy
    160	    010C  CD 10			 int 10h
    161	    010E  FF 06	0017r		 inc gx
    162	    0112  59			 pop cx
    163	    0113  81 3E	0017r 0136	 cmp gx,310
    164	    0119  75 9D			 jne l5
    165	    011B  C3			 ret
    166	    011C			 drawgraph endp
    167	    011C			 start:
    168	    011C  B8 0000s		 mov ax,@data
    169	    011F  8E D8			 mov ds,ax
    170	    0121  B4 00			 mov ah,0
    171	    0123  B0 13			 mov al,Mode_19
Turbo Assembler	 Version 3.2	    22/01/16 00:28:51	    Page 4
1.asm



    172	    0125  CD 10			 int 10h
    173	    0127  E8 FED6		 call line_x
    174	    012A  E8 FF0C		 call line_y
    175	    012D  9B DB	E3		 finit
    176	    0130  DF 06	001Fr		 fild scalemax_x
    177	    0134  DE 26	0021r		 fisub scalemin_x
    178	    0138  DD 1E	0027r		 fstp kx
    179	    013C  DD 06	0027r		 fld kx
    180	    0140  DE 36	001Br		 fidiv max_x
    181	    0144  DD 1E	0027r		 fstp kx
    182	    0148  DF 06	0023r		 fild scalemax_y
    183	    014C  DE 26	0025r		 fisub scalemin_y
    184	    0150  DD 1E	002Fr		 fstp ky
    185	    0154  DD 06	002Fr		 fld ky
    186	    0158  DE 36	001Dr		 fidiv max_y
    187	    015C  DD 1E	002Fr		 fstp ky
    188
    189	    0160  DF 06	003Br		 fild sd
    190	    0164  DD 06	0027r		 fld kx
    191	    0168  DE F9			 fdiv
    192	    016A  D9 FC			 frndint
    193	    016C  DF 16	0037r		 fist scalex
    194
    195	    0170  DF 06	003Br		 fild sd
    196	    0174  DD 06	002Fr		 fld ky
    197	    0178  DE F9			 fdiv
    198	    017A  D9 FC			 frndint
    199	    017C  DF 16	0039r		 fist scaley
    200	    0180  8B 36	0037r		 mov si,scalex
    201	    0184			 m2:
    202	    0184  01 36	0041r		 add gradq_x,si
    203	    0188  E8 FED1		 call scale_x
    204	    018B  81 3E	0041r 0140	 cmp gradq_x,320
    205	    0191  75 F1			 jne m2
    206	    0193			 m3:
    207	    0193  8B 36	0039r		 mov si,scaley
    208	    0197  01 36	0043r		 add gradq_y,si
    209	    019B  E8 FEE2		 call scale_y
    210	    019E  81 3E	0043r 00C8	 cmp gradq_y,200
    211	    01A4  75 ED			 jne m3
    212	    01A6  E8 FEFB		 call drawgraph
    213					 ;====================
    214	    01A9  B4 00			 mov ah,0
    215	    01AB  CD 16			 int 16h
    216	    01AD  B4 00			 mov ah,0
    217	    01AF  A0 0000r		 mov al,saveMode
    218	    01B2  CD 10			 int 10h
    219	    01B4  B8 4C00		 mov ax,4c00h
    220	    01B7  CD 21			 int 21h
    221					 end start
Turbo Assembler	 Version 3.2	    22/01/16 00:28:51	    Page 5
Symbol Table




Symbol Name			  Type	 Value

??DATE				  Text	 "22/01/16"
??FILENAME			  Text	 "1	  "
??TIME				  Text	 "00:28:51"
??VERSION			  Number 0314
@32BIT				  Text	 0
@CODE				  Text	 _TEXT
@CODESIZE			  Text	 0
@CPU				  Text	 0F0FH
@CURSEG				  Text	 _TEXT
@DATA				  Text	 DGROUP
@DATASIZE			  Text	 0
@FILENAME			  Text	 1
@INTERFACE			  Text	 00H
@MODEL				  Text	 2
@STACK				  Text	 DGROUP
@WORDSIZE			  Text	 2
COLOR				  Byte	 DGROUP:0019
COLOR_G				  Byte	 DGROUP:001A
CURRENTX			  Word	 DGROUP:0001
CURRENTY			  Word	 DGROUP:0003
DRAWGRAPH			  Near	 _TEXT:00A4
GRADQ_X				  Word	 DGROUP:0041
GRADQ_Y				  Word	 DGROUP:0043
GX				  Word	 DGROUP:0017
GY				  Word	 DGROUP:0015
HUNDRED				  Word	 DGROUP:0055
KX				  Qword	 DGROUP:0027
KY				  Qword	 DGROUP:002F
L1				  Near	 _TEXT:0023
L2				  Near	 _TEXT:0043
L3				  Near	 _TEXT:0066
L4				  Near	 _TEXT:008A
L5				  Near	 _TEXT:00B8
LINELENGTH			  Number 00B4
LINELENGTHX			  Word	 DGROUP:003D
LINELENGTHY			  Word	 DGROUP:003F
LINE_X				  Near	 _TEXT:0000
LINE_Y				  Near	 _TEXT:0039
M2				  Near	 _TEXT:0184
M3				  Near	 _TEXT:0193
MAX_X				  Word	 DGROUP:001B
MAX_Y				  Word	 DGROUP:001D
MODE_13				  Number 000D
MODE_14				  Number 000E
MODE_15				  Number 000F
MODE_16				  Number 0010
MODE_17				  Number 0011
MODE_18				  Number 0012
MODE_19				  Number 0013
MODE_6				  Number 0006
MODE_6A				  Number 006A
SAVEMODE			  Byte	 DGROUP:0000
SCALEMAX_X			  Word	 DGROUP:001F
SCALEMAX_Y			  Word	 DGROUP:0023
Turbo Assembler	 Version 3.2	    22/01/16 00:28:51	    Page 6
Symbol Table



SCALEMIN_X			  Word	 DGROUP:0021
SCALEMIN_Y			  Word	 DGROUP:0025
SCALEX				  Word	 DGROUP:0037
SCALEY				  Word	 DGROUP:0039
SCALE_X				  Near	 _TEXT:005C
SCALE_Y				  Near	 _TEXT:0080
SD				  Word	 DGROUP:003B
START				  Near	 _TEXT:011C
T1				  Qword	 DGROUP:0045
T2				  Qword	 DGROUP:004D
X				  Qword	 DGROUP:0005
Y				  Qword	 DGROUP:000D

Groups & Segments		  Bit Size Align  Combine Class

DGROUP				  Group
  STACK				  16  0100 Para	  Stack	  STACK
  _DATA				  16  0057 Word	  Public  DATA
_TEXT				  16  01B9 Word	  Public  CODE
