Microsoft (R) Macro Assembler Version 12.00.31101.0	    05/27/15 12:09:14
							     First Pass 1 - 1


 0000				data segment
 0000				Data1 segment
				const db 1101b
				const1 db 125
				const2 db 85h
				const3 db 'Hello'
				const4 dw 1010b
				const5 dw 2010
				const6 dw 98h
				const7 dd 1011b
				const8 dd 0;1010
				const9 dd 1000h
 0000				Data1 ends
 0000				data ends
 0000				code segment
 0000				code1 segment
				assume ds:data1,cs:code1
				m1: cli
				or const1,11111111b ;8-8
				or const5,65407 ;16-16
				or const8,9fffh ;32-32
				or const5,127 ;16-8
				or const8,7fh ;32-8
				jb m1
 0000				code1 ends
 0000				code ends
				end
Microsoft (R) Macro Assembler Version 12.00.31101.0	    05/27/15 12:09:14
1.asm							     Page 1 - 1


 0000				data segment
 0000				Data1 segment
 0000 0D			const db 1101b
 0001 7D			const1 db 125
 0002 85			const2 db 85h
 0003 48 65 6C 6C 6F		const3 db 'Hello'
 0008 000A			const4 dw 1010b
 000A 07DA			const5 dw 2010
 000C 0098			const6 dw 98h
 000E 0000000B			const7 dd 1011b
 0012 00000000			const8 dd 0;1010
 0016 00001000			const9 dd 1000h
 0000				Data1 ends  2-0   4-1  8-3
 0000				data ends
 0000				code segment
 0000				code1 segment
				assume ds:data1,cs:code1
 0000  FA			m1: cli
01 0001  80 0E 0001 R FF		or const1,11111111b ;8-8
06(5+0) 0006  81 0E 000A R FF7F	or const5,65407 ;16-16
12(5+1) 000C  66| 81 0E 0012 R		or const8,9fffh ;32-32
        00009FFF
21(6+3) 0015  83 0E 000A R 7F		or const5,127 ;16-8
26(5+0) 001A  66| 83 0E 0012 R		or const8,7fh ;32-8
       7F
32(6+0) 0020  72 DE			jb m1
 0000				code1 ends
 0000				code ends
				end
Microsoft (R) Macro Assembler Version 12.00.31101.0	    05/27/15 12:09:14
1.asm							     Symbols 2 - 1




Segments and Groups:

                N a m e                 Size     Length   Align   Combine Class

Data1  . . . . . . . . . . . . .	16 Bit	 001A	  	  Private 
code1  . . . . . . . . . . . . .	16 Bit	 0022	  	  Private 
code . . . . . . . . . . . . . .	16 Bit	 0000	  	  Private 
data . . . . . . . . . . . . . .	16 Bit	 0000	  	  Private 


Symbols:

                N a m e                 Type     Value    Attr

const1 . . . . . . . . . . . . .	Byte	 0001	  Data1	
const2 . . . . . . . . . . . . .	Byte	 0002	  Data1	
const3 . . . . . . . . . . . . .	Byte	 0003	  Data1	
const4 . . . . . . . . . . . . .	Word	 0008	  Data1	
const5 . . . . . . . . . . . . .	Word	 000A	  Data1	
const6 . . . . . . . . . . . . .	Word	 000C	  Data1	
const7 . . . . . . . . . . . . .	DWord	 000E	  Data1	
const8 . . . . . . . . . . . . .	DWord	 0012	  Data1	
const9 . . . . . . . . . . . . .	DWord	 0016	  Data1	
const  . . . . . . . . . . . . .	Byte	 0000	  Data1	
m1 . . . . . . . . . . . . . . .	L Near	 0000	  code1	

	   0 Warnings
	   0 Errors
