Microsoft (R) Macro Assembler Version 12.00.31101.0	    05/19/15 15:02:36
							     First Pass 1 - 1


 0000				data segment
 0000				Data1 segment
				const db 1101b
				const1 db 125
				const2 db 85h
				const3 db 'Hello'
				const4 dw 1010b
				const5 dw 2015d
				const6 dw 98h
				const7 dd 1011b
				const8 dd 1010
				const9 dd 1000h
 0000				Data1 ends
 0000				data ends
 0000				code segment
 0000				code1 segment
				assume ds:data1,cs:code1
				m1: cli
				or const,1010b
				or const1,1010b
				or const2,1010b
				or const3,1010b
				or const4,1010b
				or const5,1010b
				or const6,1010b
				or const7,1010b
				or const8,1010b
				or const9,1010b
				jb m1
 0000				code1 ends
 0000				code ends
				end
Microsoft (R) Macro Assembler Version 12.00.31101.0	    05/19/15 15:02:36
1.asm							     Page 1 - 1


 0000				data segment
 0000				Data1 segment
 0000 0D			const db 1101b
 0001 7D			const1 db 125
 0002 85			const2 db 85h
 0003 48 65 6C 6C 6F		const3 db 'Hello'
 0008 000A			const4 dw 1010b
 000A 07DF			const5 dw 2015d
 000C 0098			const6 dw 98h
 000E 0000000B			const7 dd 1011b
 0012 000003F2			const8 dd 1010
 0016 00001000			const9 dd 1000h
 0000				Data1 ends
 0000				data ends
 0000				code segment
 0000				code1 segment
				assume ds:data1,cs:code1
 0000  FA			m1: cli
 0001  80 0E 0000 R 0A		or const,1010b
 0006  80 0E 0001 R 0A	6	or const1,1010b
 000B  80 0E 0002 R 0A	11	or const2,1010b
 0010  80 0E 0003 R 0A	16	or const3,1010b
 0015  83 0E 0008 R 0A	21	or const4,1010b
 001A  83 0E 000A R 0A	26	or const5,1010b
 001F  83 0E 000C R 0A	31	or const6,1010b
 0024  66| 83 0E 000E R	36	or const7,1010b
       0A
 002A  66| 83 0E 0012 R	42	or const8,1010b
       0A
 0030  66| 83 0E 0016 R	48	or const9,1010b
       0A
 0036  72 C8	54		jb m1
 0000				code1 ends
 0000				code ends
				end
Microsoft (R) Macro Assembler Version 12.00.31101.0	    05/19/15 15:02:36
1.asm							     Symbols 2 - 1




Segments and Groups:

                N a m e                 Size     Length   Align   Combine Class

Data1  . . . . . . . . . . . . .	16 Bit	 001A	  	  Private 
code1  . . . . . . . . . . . . .	16 Bit	 0038	  	  Private 
code . . . . . . . . . . . . . .	16 Bit	 0000	  	  Private 
data . . . . . . . . . . . . . .	16 Bit	 0000	  	  Private 


Symbols:

                N a m e                 Type     Value    Attr

const1 . . . . . . . . . . . . .	Byte	 0001	  Data1	
const2 . . . . . . . . . . . . .	Byte	 0002	  Data1	
const3 . . . . . . . . . . . . .	Byte	 0003	  Data1	
const4 . . . . . . . . . . . . .	Word	 0008	  Data1	
const5 . . . . . . . . . . . . .	Word	 000A	  Data1	
const6 . . . . . . . . . . . . .	Word	 000C	  Data1	
const7 . . . . . . . . . . . . .	DWord	 000E	  Data1	
const8 . . . . . . . . . . . . .	DWord	 0012	  Data1	
const9 . . . . . . . . . . . . .	DWord	 0016	  Data1	
const  . . . . . . . . . . . . .	Byte	 0000	  Data1	
m1 . . . . . . . . . . . . . . .	L Near	 0000	  code1	

	   0 Warnings
	   0 Errors
