Microsoft (R) Macro Assembler Version 5.00                  10/31/15 21:07:33
                                                             Page     1-1


       1				.MODEL SMALL 
       2 0100				.STACK 100h 
       3 0000				.DATA 
       4 0000  48 65 6C 6C 6F 20 57	    HelloMessage DB 'Hello World',13,10
					,'$' 
       5       6F 72 6C 64 0D 0A 24	
       6 0000				.CODE 
       7 0000				START: 
       8 0000  B8 ---- R		    mov ax,@data 
       9 0003  8E D8			    mov ds,ax 
      10 0005  B4 09			    mov ah,9 
      11 0007  BA 0000 R		    mov dx,OFFSET HelloMessage 
      12 000A  CD 21			    int 21h 
      13 000C  B4 4C			    mov ah,4ch 
      14 000E  B4 01				mov ah,1 
      15 0010  CD 21			    int 21h 
      16 0012				END START 
Microsoft (R) Macro Assembler Version 5.00                  10/31/15 21:07:33
                                                             Symbols-1


Segments and Groups:

                N a m e         	Length	 Align	Combine Class

DGROUP . . . . . . . . . . . . .  	GROUP
  _DATA  . . . . . . . . . . . .  	000E	WORD	PUBLIC	'DATA'
  STACK  . . . . . . . . . . . .  	0100	PARA	STACK	'STACK'
_TEXT  . . . . . . . . . . . . .  	0012	WORD	PUBLIC	'CODE'

Symbols:            

                N a m e         	Type	 Value	 Attr

HELLOMESSAGE . . . . . . . . . .  	L BYTE	0000	_DATA

START  . . . . . . . . . . . . .  	L NEAR	0000	_TEXT

@CODE  . . . . . . . . . . . . .  	TEXT  _TEXT		
@CODESIZE  . . . . . . . . . . .  	TEXT  0		
@DATASIZE  . . . . . . . . . . .  	TEXT  0		
@FILENAME  . . . . . . . . . . .  	TEXT  1		


     15 Source  Lines
     15 Total   Lines
     16 Symbols

  49316 + 451244 Bytes symbol space free

      0 Warning Errors
      0 Severe  Errors
