Microsoft (R) Macro Assembler Version 5.00                  4/13/15 15:51:36
                                                             Page     1-1


       1				;–®–∞–±–ª–æ–Ω —Å—Ç—Ä—É–∫—Ç—É—Ä—ã –ø—Ä–æ
					–≥—Ä–∞–º–º—ã —Å –∏—Å–ø–æ–ª—å–∑–æ–≤–∞–Ω–
					∏–µ–º —Å—Ç–∞–Ω–¥–∞—Ä—Ç–Ω—ã—Ö –¥–∏—Ä–µ–∫
					—Ç–∏–≤ —Å–µ–≥–º
       2				;(–ø–æ–¥–¥–µ—Ä–∂–∏–≤–∞–µ—Ç –∏—Å–ø–æ–ª—å
					–∑–æ–≤–∞–Ω–∏–µ –±–æ–ª–µ–µ –æ–¥–Ω–æ–≥–æ 
					—Å–µ–≥–º–µ–Ω—Ç–∞ –∫–æ–¥–æ–≤ –∏ –¥–∞–Ω–Ω
					—ã—Ö) 
       3				Node struc 
       4 0000  0004[			namex db 4 dup (0ffh) 
       5	   FF			
       6			 ]	
       7				
       8 0004  0002[			field1 dw 2 dup (0) 
       9	   0000			
      10			 ]	
      11				
      12 0008				Node ENDS 
      13 0000				data segment  
      14 0000				Data1 segment 
      15 0000  ??			I_struc db ? 
      16 0001  0004[			A0 Node <> 
      17	   FF			
      18			 ]	
      19 0005  0002[			
      20	   0000			
      21			 ]	
      22				
      23 0009  0002[			A1 Node 2 dup (<>) 
      24	0004[			
      25	    FF			
      26			]	
      27	0002[			
      28	    0000		
      29			]	
      30			 ]	
      31				
      32 0019  0004[			A2 Node 4 dup (<>) 
      33	0004[			
      34	    FF			
      35			]	
      36	0002[			
      37	    0000		
      38			]	
      39			 ]	
      40				
      41 0039  0008[			A3 Node 8 dup (<>) 
      42	0004[			
      43	    FF			
      44			]	
      45	0002[			
      46	    0000		
      47			]	
      48			 ]	
Microsoft (R) Macro Assembler Version 5.00                  4/13/15 15:51:36
                                                             Page     1-2


      49				
      50 0079				Data1 ends 
      51 0000				data2 segment 
      52 0000  0004[			B0 Node <> 
      53	   FF			
      54			 ]	
      55 0004  0002[			
      56	   0000			
      57			 ]	
      58				
      59 0008  0002[			B1 Node 2 dup (<>) 
      60	0004[			
      61	    FF			
      62			]	
      63	0002[			
      64	    0000		
      65			]	
      66			 ]	
      67				
      68 0018  0004[			B2 Node 4 dup (<>) 
      69	0004[			
      70	    FF			
      71			]	
      72	0002[			
      73	    0000		
      74			]	
      75			 ]	
      76				
      77 0038  0008[			B3 Node 8 dup (<>) 
      78	0004[			
      79	    FF			
      80			]	
      81	0002[			
      82	    0000		
      83			]	
      84			 ]	
      85				
      86 0078				data2 ends 
      87 0000				data ends 
      88 0000				code segment 
      89 0000				code1 segment 
      90				assume ds:data1,cs:code1 ;—É—Å—Ç–∞–Ω–æ–
					≤–∫–∞ —Å–≤—è–∑–∏ —Å –Ω–µ–æ–±—Ö–æ–¥–∏–º—
					ã–º–∏ —Å–µ–≥–º–µ–Ω—Ç–∞–º–∏ –∫–æ–¥–æ–≤ –
					∏ –¥–∞–Ω–Ω—ã—Ö 
      91 0000  BB 0001			mov bx,1 ;–ø—Ä–∏–º–µ—Ä –∫–æ–º–∞–Ω–¥—ã –
					ø–µ—Ä–≤–æ–≥–æ —Å–µ–≥–º–µ–Ω—Ç–∞ –∫–æ–¥–æ
					–≤, –µ–µ –Ω–µ –≤–∏–¥–Ω–æ –≤ –æ—Ç–ª–∞–¥—
					á–∏–∫–µ 
      92 0003				code1 ends 
      93 0000				code2 segment 
      94				assume ds:data1,cs:code1 ;—É—Å—Ç–∞–Ω–æ–
					≤–∫–∞ —Å–≤—è–∑–∏ —Å –Ω–µ–æ–±—Ö–æ–¥–∏–º—
					ã–º–∏ —Å–µ–≥–º–µ–Ω—Ç–∞–º–∏ –∫–æ–¥–æ–≤ –
Microsoft (R) Macro Assembler Version 5.00                  4/13/15 15:51:36
                                                             Page     1-3


					∏ –¥–∞–Ω–Ω—ã—Ö 
      95 0000  B9 0002			mov cx,2 ;–ø—Ä–∏–º–µ—Ä –∫–æ–º–∞–Ω–¥—ã –
					≤—Ç–æ—Ä–æ–≥–æ —Å–µ–≥–º–µ–Ω—Ç–∞ –∫–æ–¥–æ
					–≤, –µ–µ –Ω–µ –≤–∏–¥–Ω–æ –≤ –æ—Ç–ª–∞–¥—
					á–∏–∫–µ 
      96 0003				code2 ends 
      97 0000				code ends 
      98				end 
Microsoft (R) Macro Assembler Version 5.00                  4/13/15 15:51:36
                                                             Symbols-1


Structures and Records:

                N a m e                 Width   # fields
                                        Shift   Width   Mask    Initial

NODE . . . . . . . . . . . . . .  	0008	0002
  NAMEX  . . . . . . . . . . . .  	0000
  FIELD1 . . . . . . . . . . . .  	0004

Segments and Groups:

                N a m e         	Length	 Align	Combine Class

CODE . . . . . . . . . . . . . .  	0000	PARA	NONE	
CODE1  . . . . . . . . . . . . .  	0003	PARA	NONE	
CODE2  . . . . . . . . . . . . .  	0003	PARA	NONE	
DATA . . . . . . . . . . . . . .  	0000	PARA	NONE	
DATA1  . . . . . . . . . . . . .  	0079	PARA	NONE	
DATA2  . . . . . . . . . . . . .  	0078	PARA	NONE	

Symbols:            

                N a m e         	Type	 Value	 Attr

A0 . . . . . . . . . . . . . . .  	L QWORD	0001	DATA1
A1 . . . . . . . . . . . . . . .  	L QWORD	0009	DATA1	Length = 0002
A2 . . . . . . . . . . . . . . .  	L QWORD	0019	DATA1	Length = 0004
A3 . . . . . . . . . . . . . . .  	L QWORD	0039	DATA1	Length = 0008

B0 . . . . . . . . . . . . . . .  	L QWORD	0000	DATA2
B1 . . . . . . . . . . . . . . .  	L QWORD	0008	DATA2	Length = 0002
B2 . . . . . . . . . . . . . . .  	L QWORD	0018	DATA2	Length = 0004
B3 . . . . . . . . . . . . . . .  	L QWORD	0038	DATA2	Length = 0008

I_STRUC  . . . . . . . . . . . .  	L BYTE	0000	DATA1

@FILENAME  . . . . . . . . . . .  	TEXT  2		


     32 Source  Lines
     32 Total   Lines
     20 Symbols

  48778 + 434918 Bytes symbol space free

      0 Warning Errors
      0 Severe  Errors
