Microsoft (R) Macro Assembler Version 5.00                  11/23/15 19:11:30
                                                             Page     1-1


       1				;data segment 
       2				;data1 segment 
       3				;col db 10h 
       4				;data1 ends 
       5				;data ends 
       6 0000				code segment 
       7				assume cs:code;,ds:data 
       8				;mov ax,code 
       9				;mov cs,ax 
      10				;mov ax,data1 
      11				;mov ds,ax 
      12				 
      13 0000  B8 000C			mov ax,12 
      14 0003  CD 10			int 10h 
      15				;--------–≤—ã–≤–æ–¥ –Ω–∞ —ç–∫—Ä–∞–Ω —Å–
					∏–º–≤–æ–ª–∞ NUL —Ä–∞–∑–Ω—ã–º–∏ —Ü–≤–µ—Ç
					–∞–º–∏-------- 
      16 0005  B6 00			mov dh,0 ;–Ω–æ–º–µ—Ä —Å—Ç—Ä–æ–∫–∏ 
      17 0007  B2 FF			mov dl,-1 ;–Ω–æ–º–µ—Ä —Å—Ç–æ–ª–±—Ü–∞ 
      18 0009  B7 00			mov bh,0 ;–Ω–æ–º–µ—Ä —Å—Ç—Ä–∞–Ω–∏—Ü—ã 
      19 000B  B0 00			mov al,0h ;–≤—ã–≤–æ–¥–∏–º—ã–π —Å–∏–º–≤–
					æ–ª 
      20 000D  B9 0001			mov cx,1 ;–∫–æ–ª–∏—á–µ—Å—Ç–≤–æ –≤—ã–≤–æ
					–¥–∏–º—ã—Ö —Å–∏–º–≤–æ–ª–æ–≤ 
      21 0010  B3 13			mov bl,19 ;–∞—Ç—Ä–∏–±—É—Ç—ã (—Ü–≤–µ—Ç –
					∏ —Ñ–æ–Ω) 
      22 0012  BE 0000			mov si,0 ;—Å—á–µ—Ç—á–∏–∫ 
      23 0015  B4 00			mov ah,0 
      24 0017  B0 03			mov al,3 
      25 0019  CD 10			int 10h 
      26 001B  B0 00			mov al,0h 
      27 001D				m2: 
      28 001D  B4 02			mov ah,2 ;–≥—Ä–∞—Ñ–∏—á–µ—Å–∫–∏–π —Ä–µ–∂
					–∏–º 
      29 001F  FE C2			inc dl ;–ø–æ–¥–≤–∏–Ω—É—Ç—å –∫—É—Ä—Å–æ—Ä
					 
      30 0021  CD 10			int 10h ;–≤—ã–≤–æ–¥ –Ω–∞ —ç–∫—Ä–∞–Ω 
      31 0023  B4 09			mov ah,9 ;—É—Å—Ç–∞–Ω–æ–≤–∏—Ç—å –¥—Ä—É–≥
					–æ–π —Ä–µ–∂–∏–º 
      32 0025  80 C3 96			add bl,150 ;–∏–∑–º–µ–Ω–∏—Ç—å –∞—Ç—Ä–∏–±
					—É—Ç —Å–∏–º–≤–æ–ª–∞ 
      33 0028  CD 10			int 10h ;–≤—ã–≤–µ—Å—Ç–∏ —Å–∏–º–≤–æ–ª –Ω
					–∞ —ç–∫—Ä–∞–Ω 
      34 002A  46			inc si ;—É–≤–µ–ª–∏—á–∏—Ç—å —Å—á–µ—Ç—á–∏
					–∫ 
      35 002B  83 FE 10			cmp si,16 ;—Å—Ä–∞–≤–Ω–∏—Ç—å —Å—á–µ—Ç—á–
					∏–∫ —Å 16 
      36 002E  75 ED			jne m2 ;–µ—Å–ª–∏ –æ–Ω –º–µ–Ω—å—à–µ 16, 
					—Ç–æ –ø–æ–≤—Ç–æ—Ä–∏—Ç—å —Ü–∏–∫–ª —Å–Ω–æ
					–≤–∞ 
      37				;--------–≤—ã–≤–æ–¥ —Ä–∞–∑–Ω—ã—Ö —Å–∏–º
					–≤–æ–ª–æ–≤ ASCI-------- 
      38 0030  B6 01			mov dh,1 ;–Ω–æ–º–µ—Ä —Å—Ç—Ä–æ–∫–∏ 
      39 0032  B2 FF			mov dl,-1 ;–Ω–æ–º–µ—Ä —Å—Ç–æ–ª–±—Ü–∞ 
Microsoft (R) Macro Assembler Version 5.00                  11/23/15 19:11:30
                                                             Page     1-2


      40 0034  B7 00			mov bh,0 ;–Ω–æ–º–µ—Ä —Å—Ç—Ä–∞–Ω–∏—Ü—ã 
      41 0036  B0 20			mov al,0020h ;–∫–æ–¥ —Å–∏–º–≤–æ–ª–∞ 
      42 0038  B9 0001			mov cx,1 ;–∫–æ–ª–∏—á–µ—Å—Ç–≤–æ –≤—ã–≤–æ
					–¥–∏–º—ã—Ö —Å–∏–º–≤–æ–ª–æ–≤ 
      43 003B  B3 DB			mov bl,219 ;–∞—Ç—Ä–∏–±—É—Ç —Ü–≤–µ—Ç–∞ –
					∏ —Ñ–æ–Ω–∞ —Å–∏–º–≤–æ–ª–∞ 
      44 003D				m1: 
      45 003D  B4 02			mov ah,2 ;—É—Å—Ç–∞–Ω–æ–≤–∏—Ç—å –≤–∏–¥–µ
					–æ—Ä–µ–∂–∏–º 
      46 003F  FE C2			inc dl ;–ø–æ–¥–≤–∏–Ω—É—Ç –∫—É—Ä—Å–æ—Ä 
      47 0041  CD 10			int 10h ;–≤—ã–≤–µ—Å—Ç–∏ –∫—É—Ä—Å–æ—Ä –Ω
					–∞ —ç–∫—Ä–∞–Ω 
      48 0043  B4 09			mov ah,9 ;–ø–µ—Ä–µ–π—Ç–∏ –≤ –¥—Ä—É–≥–æ–
					π –≤–∏–¥–µ–æ—Ä–µ–∂–∏–º 
      49 0045  FE C0			inc al ;–ø–µ—Ä–µ–π—Ç–∏ –∫ —Å–ª–µ–¥—É—é—
					â–µ–º—É —Å–∏–º–≤–æ–ª—É 
      50 0047  CD 10			int 10h ;–≤—ã–≤–µ—Å—Ç–∏ —Å–∏–º–≤–æ–ª –Ω
					–∞ —ç–∫—Ä–∞–Ω 
      51 0049  3C FF			cmp al,00ffh ;—Å—Ä–∞–≤–Ω–∏—Ç—å –∫–æ–¥ —
					Å–∏–º–≤–æ–ª–∞ —Å 255 
      52 004B  75 F0			jne m1 ;–µ—Å–ª–∏ –∫–æ–¥ –º–µ–Ω—å—à–µ 25
					5, —Ç–æ –ø–æ–≤—Ç–æ—Ä–∏—Ç—å —Ü–∏–∫–ª 
      53				;--------—Ä–∞–±–æ—Ç–∞ —Å –º—ã—à—å—é----
					---- 
      54 004D  33 C0			xor ax,ax 
      55 004F  CD 33			int 33h 
      56 0051  B8 0001			mov ax,0001H 
      57 0054  CD 33			int 33h 
      58 0056  B8 000C			mov ax,0Ch 
      59 0059  B9 0101			mov cx,00101h 
      60 005C  06			push es 
      61 005D  0E			push cs 
      62 005E  07			pop es 
      63 005F  8D 16 006B R		lea dx,prm 
      64 0063  CD 33			int 33h 
      65 0065  07			pop es 
      66 0066  1F			pop ds 
      67				;--------–æ–∂–∏–¥–∞–Ω–∏–µ –≤–≤–æ–¥–∞ –∏
					 –∑–∞–≤–µ—Ä—à–µ–Ω–∏–µ –ø—Ä–æ–≥—Ä–∞–º–º—
					ã-------- 
      68 0067  B4 01			mov ah,1 
      69 0069  CD 21			int 21h 
      70				;--------–¥–µ–π—Å—Ç–≤–∏–µ –º—ã—à–∏-----
					--- 
      71 006B				prm proc far 
      72 006B  1E			push ds 
      73 006C  06			push es 
      74 006D  B8 B800			mov ax, 0B800h 
      75 0070  8E C0			mov es,ax 
      76 0072  B4 02			mov ah,2 
      77 0074  FE C2			inc dl 
      78 0076  CD 10			int 10h 
      79 0078  07			pop es 
      80 0079  1F			pop ds 
Microsoft (R) Macro Assembler Version 5.00                  11/23/15 19:11:30
                                                             Page     1-3


      81 007A  CB			ret 
      82 007B				prm endp 
      83 007B				code ends 
      84				end 
Microsoft (R) Macro Assembler Version 5.00                  11/23/15 19:11:30
                                                             Symbols-1


Segments and Groups:

                N a m e         	Length	 Align	Combine Class

CODE . . . . . . . . . . . . . .  	007B	PARA	NONE	

Symbols:            

                N a m e         	Type	 Value	 Attr

M1 . . . . . . . . . . . . . . .  	L NEAR	003D	CODE
M2 . . . . . . . . . . . . . . .  	L NEAR	001D	CODE

PRM  . . . . . . . . . . . . . .  	F PROC	006B	CODE	Length = 0010

@FILENAME  . . . . . . . . . . .  	TEXT  1		


     84 Source  Lines
     84 Total   Lines
      6 Symbols

  49856 + 445408 Bytes symbol space free

      0 Warning Errors
      0 Severe  Errors
