Microsoft (R) Macro Assembler Version 5.00                  6/3/15 11:45:09
                                                             Page     1-1


       1				.model small 
       2 0000				.data 
       3				Node struc 
       4 0000  0004[			namex db 4 dup (0ffh)  
       5	   FF			
       6			 ]	
       7				
       8 0004  0002[			field1 dw 2 dup (0) 
       9	   0000			
      10			 ]	
      11				
      12 0008				node ends 
      13 0000				Data1 segment 
      14 0000  0004[			A0 Node <> ; 
      15	   FF			
      16			 ]	
      17 0004  0002[			
      18	   0000			
      19			 ]	
      20				
      21 0008  0002[			A1 Node 2 dup (<>) 
      22	0004[			
      23	    FF			
      24			]	
      25	0002[			
      26	    0000		
      27			]	
      28			 ]	
      29				
      30 0018  0004[			A2 Node 4 dup (<>)  
      31	0004[			
      32	    FF			
      33			]	
      34	0002[			
      35	    0000		
      36			]	
      37			 ]	
      38				
      39 0038  0008[			A3 Node 8 dup (<>)  
      40	0004[			
      41	    FF			
      42			]	
      43	0002[			
      44	    0000		
      45			]	
      46			 ]	
      47				
      48 0078				Data1 ends 
      49 0000				Data2 segment 
      50 0000  0004[			B0 Node <>  
      51	   FF			
      52			 ]	
      53 0004  0002[			
      54	   0000			
Microsoft (R) Macro Assembler Version 5.00                  6/3/15 11:45:09
                                                             Page     1-2


      55			 ]	
      56				
      57 0008  0002[			B1 Node 2 dup (<>) 
      58	0004[			
      59	    FF			
      60			]	
      61	0002[			
      62	    0000		
      63			]	
      64			 ]	
      65				
      66 0018  0004[			B2 Node 4 dup (<>) 
      67	0004[			
      68	    FF			
      69			]	
      70	0002[			
      71	    0000		
      72			]	
      73			 ]	
      74				
      75 0038  0008[			B3 Node 8 dup (<>) 
      76	0004[			
      77	    FF			
      78			]	
      79	0002[			
      80	    0000		
      81			]	
      82			 ]	
      83				
      84 0078				Data2 ends 
      85 0000				.code 
      86 0000				code1: 
      87 0000  B8 ---- R			mov	ax,data1 
      88 0003  8E D8				mov	ds,ax 
      89 0005  33 C0				xor	ax,ax 
      90 0007  B9 0002				mov	cx,length A1 
      91 000A  BE 0000				mov	si,0 
      92 000D  BB 0008 R			mov bx, offset A1 
      93 0010					CA0: 
      94 0010  89 9C 0004 R			mov field1.A0[si],bx 
1.ASM(28): warning A4057: Illegal size for operand
      95 0014  83 C3 08				add bx,8 
      96 0017  83 C6 02				add si,2 
      97 001A  E2 F4				loop CA0 
      98				;--------------------------------------
					------------------------------------
						 
      99 001C  B9 0004				mov	cx,length A2 
     100 001F  BE 0000				mov	si,0 
     101 0022  BB 0018 R			mov bx, offset A2 
     102 0025					CA1: 
     103 0025  89 9C 000C R			mov field1.A1[si],bx 
1.ASM(37): warning A4057: Illegal size for operand
     104 0029  83 C3 08				add bx,8 
Microsoft (R) Macro Assembler Version 5.00                  6/3/15 11:45:09
                                                             Page     1-3


     105 002C  83 F9 03				cmp cx,3 
     106 002F  74 02				je @1 
     107 0031  75 03				jne @2 
     108 0033  83 C6 04				@1: add si,4 
     109 0036  83 C6 02				@2: add si,2 
     110 0039  E2 EA				loop CA1 
     111				;--------------------------------------
					------------------------------------
						 
     112 003B  B9 0004				mov	cx,4 
     113 003E  BE 0000				mov	si,0 
     114 0041  BB 0038 R			mov bx, offset A3 
     115 0044					CA2: 
     116 0044  89 9C 001C R			mov field1.A2[si],bx 
1.ASM(50): warning A4057: Illegal size for operand
     117 0048  83 C3 08				add bx,8 
     118 004B  83 F9 03				cmp cx,3 
     119 004E  74 02				je @3 
     120 0050  75 03				jne @4 
     121 0052  83 C6 04				@3: add si,4 
     122 0055  83 C6 02				@4: add si,2 
     123 0058  E2 EA				loop CA2 
     124 005A  83 C6 04				add si,4 
     125 005D  B9 0004				mov cx,4 
     126 0060					CA2_1: 
     127 0060  89 9C 001C R			mov field1.A2[si],bx 
1.ASM(61): warning A4057: Illegal size for operand
     128 0064  83 C3 08				add bx,8 
     129 0067  83 F9 03				cmp cx,3 
     130 006A  74 02				je @5 
     131 006C  75 03				jne @6 
     132 006E  83 C6 04				@5: add si,4 
     133 0071  83 C6 02				@6: add si,2 
     134 0074  E2 EA				loop CA2_1 
     135 0076					exit: 
     136 0076  B8 4C00				mov ax, 4c00h 
     137 0079  CD 21				int 21h 
     138 007B					end code1 
Microsoft (R) Macro Assembler Version 5.00                  6/3/15 11:45:09
                                                             Symbols-1


Structures and Records:

                N a m e                 Width   # fields
                                        Shift   Width   Mask    Initial

NODE . . . . . . . . . . . . . .  	0008	0002
  NAMEX  . . . . . . . . . . . .  	0000
  FIELD1 . . . . . . . . . . . .  	0004

Segments and Groups:

                N a m e         	Length	 Align	Combine Class

DATA1  . . . . . . . . . . . . .  	0078	PARA	NONE	
DATA2  . . . . . . . . . . . . .  	0078	PARA	NONE	
DGROUP . . . . . . . . . . . . .  	GROUP
  _DATA  . . . . . . . . . . . .  	0000	WORD	PUBLIC	'DATA'
_TEXT  . . . . . . . . . . . . .  	007B	WORD	PUBLIC	'CODE'

Symbols:            

                N a m e         	Type	 Value	 Attr

A0 . . . . . . . . . . . . . . .  	L QWORD	0000	DATA1
A1 . . . . . . . . . . . . . . .  	L QWORD	0008	DATA1	Length = 0002
A2 . . . . . . . . . . . . . . .  	L QWORD	0018	DATA1	Length = 0004
A3 . . . . . . . . . . . . . . .  	L QWORD	0038	DATA1	Length = 0008

B0 . . . . . . . . . . . . . . .  	L QWORD	0000	DATA2
B1 . . . . . . . . . . . . . . .  	L QWORD	0008	DATA2	Length = 0002
B2 . . . . . . . . . . . . . . .  	L QWORD	0018	DATA2	Length = 0004
B3 . . . . . . . . . . . . . . .  	L QWORD	0038	DATA2	Length = 0008

CA0  . . . . . . . . . . . . . .  	L NEAR	0010	_TEXT
CA1  . . . . . . . . . . . . . .  	L NEAR	0025	_TEXT
CA2  . . . . . . . . . . . . . .  	L NEAR	0044	_TEXT
CA2_1  . . . . . . . . . . . . .  	L NEAR	0060	_TEXT
CODE1  . . . . . . . . . . . . .  	L NEAR	0000	_TEXT

EXIT . . . . . . . . . . . . . .  	L NEAR	0076	_TEXT

@1 . . . . . . . . . . . . . . .  	L NEAR	0033	_TEXT
@2 . . . . . . . . . . . . . . .  	L NEAR	0036	_TEXT
@3 . . . . . . . . . . . . . . .  	L NEAR	0052	_TEXT
@4 . . . . . . . . . . . . . . .  	L NEAR	0055	_TEXT
@5 . . . . . . . . . . . . . . .  	L NEAR	006E	_TEXT
@6 . . . . . . . . . . . . . . .  	L NEAR	0071	_TEXT
@CODE  . . . . . . . . . . . . .  	TEXT  _TEXT		
@CODESIZE  . . . . . . . . . . .  	TEXT  0		
@DATASIZE  . . . . . . . . . . .  	TEXT  0		
@FILENAME  . . . . . . . . . . .  	TEXT  1		

Microsoft (R) Macro Assembler Version 5.00                  6/3/15 11:45:09
                                                             Symbols-2



     72 Source  Lines
     72 Total   Lines
     38 Symbols

  48540 + 400484 Bytes symbol space free

      4 Warning Errors
      0 Severe  Errors
